2026-01-29 10:52:37,616 [INFO] 
2026-01-29 10:52:37,616 [INFO] ============== 选股结果 [少妇战法] ==============
2026-01-29 10:52:37,616 [INFO] 交易日: 2026-01-07
2026-01-29 10:52:37,616 [INFO] 符合条件股票数: 45
2026-01-29 10:52:37,616 [INFO] 000950, 603408, 603391, 603190, 000985, 000017, 002166, 001296, 002748, 001268, 600515, 001336, 603008, 600887, 603182, 603091, 603708, 002666, 002909, 600824, 600165, 002098, 003027, 002491, 000523, 000534, 600009, 600814, 002478, 002253, 603315, 002293, 600191, 600350, 603212, 600336, 002752, 605339, 000797, 600279, 600522, 002434, 601366, 600858, 002384
2026-01-29 10:53:31,888 [INFO] 
2026-01-29 10:53:31,889 [INFO] ============== 选股结果 [SuperB1战法] ==============
2026-01-29 10:53:31,889 [INFO] 交易日: 2026-01-07
2026-01-29 10:53:31,889 [INFO] 符合条件股票数: 0
2026-01-29 10:53:31,889 [INFO] 无符合条件股票
2026-01-29 10:53:38,338 [INFO] 
2026-01-29 10:53:38,338 [INFO] ============== 选股结果 [补票战法] ==============
2026-01-29 10:53:38,338 [INFO] 交易日: 2026-01-07
2026-01-29 10:53:38,338 [INFO] 符合条件股票数: 1
2026-01-29 10:53:38,339 [INFO] 002483
2026-01-29 10:53:40,817 [INFO] 
2026-01-29 10:53:40,817 [INFO] ============== 选股结果 [填坑战法] ==============
2026-01-29 10:53:40,817 [INFO] 交易日: 2026-01-07
2026-01-29 10:53:40,817 [INFO] 符合条件股票数: 1
2026-01-29 10:53:40,817 [INFO] 002253
2026-01-29 10:53:42,814 [INFO] 
2026-01-29 10:53:42,814 [INFO] ============== 选股结果 [上穿60放量战法] ==============
2026-01-29 10:53:42,814 [INFO] 交易日: 2026-01-07
2026-01-29 10:53:42,815 [INFO] 符合条件股票数: 13
2026-01-29 10:53:42,815 [INFO] 000950, 605318, 002166, 002748, 603091, 600824, 600165, 003027, 002491, 600814, 002253, 603992, 600865
2026-01-29 10:53:43,292 [INFO] 
2026-01-29 10:53:43,292 [INFO] ============== 选股结果 [暴力K战法] ==============
2026-01-29 10:53:43,292 [INFO] 交易日: 2026-01-07
2026-01-29 10:53:43,292 [INFO] 符合条件股票数: 18
2026-01-29 10:53:43,292 [INFO] 600475, 000983, 001230, 603655, 603269, 002112, 600403, 603687, 603877, 603488, 600792, 601699, 600637, 601001, 601015, 600121, 002541, 601011
2026-01-29 10:58:14,049 [INFO] 
2026-01-29 10:58:14,050 [INFO] ============== 选股结果 [少妇战法] ==============
2026-01-29 10:58:14,050 [INFO] 交易日: 2026-01-07
2026-01-29 10:58:14,050 [INFO] 符合条件股票数: 45
2026-01-29 10:58:14,050 [INFO] 000950, 603408, 603391, 603190, 000985, 000017, 002166, 001296, 002748, 001268, 600515, 001336, 603008, 600887, 603182, 603091, 603708, 002666, 002909, 600824, 600165, 002098, 003027, 002491, 000523, 000534, 600009, 600814, 002478, 002253, 603315, 002293, 600191, 600350, 603212, 600336, 002752, 605339, 000797, 600279, 600522, 002434, 601366, 600858, 002384
2026-01-29 10:59:06,055 [INFO] 
2026-01-29 10:59:06,056 [INFO] ============== 选股结果 [SuperB1战法] ==============
2026-01-29 10:59:06,056 [INFO] 交易日: 2026-01-07
2026-01-29 10:59:06,056 [INFO] 符合条件股票数: 0
2026-01-29 10:59:06,056 [INFO] 无符合条件股票
2026-01-29 10:59:12,861 [INFO] 
2026-01-29 10:59:12,862 [INFO] ============== 选股结果 [补票战法] ==============
2026-01-29 10:59:12,862 [INFO] 交易日: 2026-01-07
2026-01-29 10:59:12,862 [INFO] 符合条件股票数: 1
2026-01-29 10:59:12,862 [INFO] 002483
2026-01-29 10:59:15,178 [INFO] 
2026-01-29 10:59:15,178 [INFO] ============== 选股结果 [填坑战法] ==============
2026-01-29 10:59:15,178 [INFO] 交易日: 2026-01-07
2026-01-29 10:59:15,178 [INFO] 符合条件股票数: 1
2026-01-29 10:59:15,178 [INFO] 002253
2026-01-29 10:59:17,173 [INFO] 
2026-01-29 10:59:17,174 [INFO] ============== 选股结果 [上穿60放量战法] ==============
2026-01-29 10:59:17,174 [INFO] 交易日: 2026-01-07
2026-01-29 10:59:17,174 [INFO] 符合条件股票数: 13
2026-01-29 10:59:17,174 [INFO] 000950, 605318, 002166, 002748, 603091, 600824, 600165, 003027, 002491, 600814, 002253, 603992, 600865
2026-01-29 10:59:17,627 [INFO] 
2026-01-29 10:59:17,627 [INFO] ============== 选股结果 [暴力K战法] ==============
2026-01-29 10:59:17,627 [INFO] 交易日: 2026-01-07
2026-01-29 10:59:17,627 [INFO] 符合条件股票数: 18
2026-01-29 10:59:17,627 [INFO] 600475, 000983, 001230, 603655, 603269, 002112, 600403, 603687, 603877, 603488, 600792, 601699, 600637, 601001, 601015, 600121, 002541, 601011
2026-01-29 11:05:40,365 [INFO] 未指定 --date，使用最近日期 2026-01-07
2026-01-29 11:05:48,514 [INFO] 
2026-01-29 11:05:48,517 [INFO] ============== 选股结果 [少妇战法] ==============
2026-01-29 11:05:48,517 [INFO] 交易日: 2026-01-07
2026-01-29 11:05:48,517 [INFO] 符合条件股票数: 45
2026-01-29 11:05:48,517 [INFO] 000950, 603408, 603391, 603190, 000985, 000017, 002166, 001296, 002748, 001268, 600515, 001336, 603008, 600887, 603182, 603091, 603708, 002666, 002909, 600824, 600165, 002098, 003027, 002491, 000523, 000534, 600009, 600814, 002478, 002253, 603315, 002293, 600191, 600350, 603212, 600336, 002752, 605339, 000797, 600279, 600522, 002434, 601366, 600858, 002384
2026-01-29 11:06:44,484 [INFO] 
2026-01-29 11:06:44,485 [INFO] ============== 选股结果 [SuperB1战法] ==============
2026-01-29 11:06:44,485 [INFO] 交易日: 2026-01-07
2026-01-29 11:06:44,485 [INFO] 符合条件股票数: 0
2026-01-29 11:06:44,485 [INFO] 无符合条件股票
2026-01-29 11:06:50,942 [INFO] 
2026-01-29 11:06:50,943 [INFO] ============== 选股结果 [补票战法] ==============
2026-01-29 11:06:50,943 [INFO] 交易日: 2026-01-07
2026-01-29 11:06:50,943 [INFO] 符合条件股票数: 1
2026-01-29 11:06:50,943 [INFO] 002483
2026-01-29 11:06:53,296 [INFO] 
2026-01-29 11:06:53,296 [INFO] ============== 选股结果 [填坑战法] ==============
2026-01-29 11:06:53,296 [INFO] 交易日: 2026-01-07
2026-01-29 11:06:53,296 [INFO] 符合条件股票数: 1
2026-01-29 11:06:53,296 [INFO] 002253
2026-01-29 11:06:55,331 [INFO] 
2026-01-29 11:06:55,332 [INFO] ============== 选股结果 [上穿60放量战法] ==============
2026-01-29 11:06:55,332 [INFO] 交易日: 2026-01-07
2026-01-29 11:06:55,332 [INFO] 符合条件股票数: 13
2026-01-29 11:06:55,332 [INFO] 000950, 605318, 002166, 002748, 603091, 600824, 600165, 003027, 002491, 600814, 002253, 603992, 600865
2026-01-29 11:06:55,805 [INFO] 
2026-01-29 11:06:55,805 [INFO] ============== 选股结果 [暴力K战法] ==============
2026-01-29 11:06:55,805 [INFO] 交易日: 2026-01-07
2026-01-29 11:06:55,805 [INFO] 符合条件股票数: 18
2026-01-29 11:06:55,805 [INFO] 600475, 000983, 001230, 603655, 603269, 002112, 600403, 603687, 603877, 603488, 600792, 601699, 600637, 601001, 601015, 600121, 002541, 601011
2026-01-29 11:22:54,458 [INFO] 未指定 --date，使用最近日期 2026-01-07
2026-01-29 11:23:06,168 [INFO] 
2026-01-29 11:23:06,168 [INFO] ============== 选股结果 [少妇战法] ==============
2026-01-29 11:23:06,169 [INFO] 交易日: 2026-01-07
2026-01-29 11:23:06,169 [INFO] 符合条件股票数: 6
2026-01-29 11:23:06,169 [INFO] 603408, 001268, 600165, 002253, 600522, 600858
